<?xml version="1.0" encoding="UTF-8"?>
<!-- Generated by org.testng.reporters.JUnitXMLReporter -->
<testsuite ignored="39" hostname="Lenovo-PC" failures="0" tests="1" name="Default test" time="43.699" errors="0" timestamp="2023-04-11T10:30:06 IST">
  <testcase classname="com.bestbuy.ecommerce.testcases.ValidationBottomLinksHomeTest" name="verifyBottomLinksHome39" time="34.938"/>
  <testcase classname="com.bestbuy.ecommerce.testcases.ValidationBottomLinksHomeTest" name="verifyBottomLinksHome31" time="0.0">
    <ignored/>
  </testcase> <!-- verifyBottomLinksHome31 -->
  <testcase classname="com.bestbuy.ecommerce.testcases.ValidationBottomLinksHomeTest" name="verifyBottomLinksHome11" time="0.0">
    <ignored/>
  </testcase> <!-- verifyBottomLinksHome11 -->
  <testcase classname="com.bestbuy.ecommerce.testcases.ValidationBottomLinksHomeTest" name="verifyBottomLinksHome33" time="0.0">
    <ignored/>
  </testcase> <!-- verifyBottomLinksHome33 -->
  <testcase classname="com.bestbuy.ecommerce.testcases.ValidationBottomLinksHomeTest" name="verifyBottomLinksHome14" time="0.0">
    <ignored/>
  </testcase> <!-- verifyBottomLinksHome14 -->
  <testcase classname="com.bestbuy.ecommerce.testcases.ValidationBottomLinksHomeTest" name="verifyBottomLinksHome36" time="0.0">
    <ignored/>
  </testcase> <!-- verifyBottomLinksHome36 -->
  <testcase classname="com.bestbuy.ecommerce.testcases.ValidationBottomLinksHomeTest" name="verifyBottomLinksHome17" time="0.0">
    <ignored/>
  </testcase> <!-- verifyBottomLinksHome17 -->
  <testcase classname="com.bestbuy.ecommerce.testcases.ValidationBottomLinksHomeTest" name="verifyBottomLinksHome12" time="0.0">
    <ignored/>
  </testcase> <!-- verifyBottomLinksHome12 -->
  <testcase classname="com.bestbuy.ecommerce.testcases.ValidationBottomLinksHomeTest" name="verifyBottomLinksHome34" time="0.0">
    <ignored/>
  </testcase> <!-- verifyBottomLinksHome34 -->
  <testcase classname="com.bestbuy.ecommerce.testcases.ValidationBottomLinksHomeTest" name="verifyBottomLinksHome10" time="0.0">
    <ignored/>
  </testcase> <!-- verifyBottomLinksHome10 -->
  <testcase classname="com.bestbuy.ecommerce.testcases.ValidationBottomLinksHomeTest" name="verifyBottomLinksHome32" time="0.0">
    <ignored/>
  </testcase> <!-- verifyBottomLinksHome32 -->
  <testcase classname="com.bestbuy.ecommerce.testcases.ValidationBottomLinksHomeTest" name="verifyBottomLinksHome13" time="0.0">
    <ignored/>
  </testcase> <!-- verifyBottomLinksHome13 -->
  <testcase classname="com.bestbuy.ecommerce.testcases.ValidationBottomLinksHomeTest" name="verifyBottomLinksHome35" time="0.0">
    <ignored/>
  </testcase> <!-- verifyBottomLinksHome35 -->
  <testcase classname="com.bestbuy.ecommerce.testcases.ValidationBottomLinksHomeTest" name="verifyBottomLinksHome30" time="0.0">
    <ignored/>
  </testcase> <!-- verifyBottomLinksHome30 -->
  <testcase classname="com.bestbuy.ecommerce.testcases.ValidationBottomLinksHomeTest" name="verifyBottomLinksHome19" time="0.0">
    <ignored/>
  </testcase> <!-- verifyBottomLinksHome19 -->
  <testcase classname="com.bestbuy.ecommerce.testcases.ValidationBottomLinksHomeTest" name="verifyBottomLinksHome3" time="0.0">
    <ignored/>
  </testcase> <!-- verifyBottomLinksHome3 -->
  <testcase classname="com.bestbuy.ecommerce.testcases.ValidationBottomLinksHomeTest" name="verifyBottomLinksHome1" time="0.0">
    <ignored/>
  </testcase> <!-- verifyBottomLinksHome1 -->
  <testcase classname="com.bestbuy.ecommerce.testcases.ValidationBottomLinksHomeTest" name="verifyBottomLinksHome6" time="0.0">
    <ignored/>
  </testcase> <!-- verifyBottomLinksHome6 -->
  <testcase classname="com.bestbuy.ecommerce.testcases.ValidationBottomLinksHomeTest" name="verifyBottomLinksHome15" time="0.0">
    <ignored/>
  </testcase> <!-- verifyBottomLinksHome15 -->
  <testcase classname="com.bestbuy.ecommerce.testcases.ValidationBottomLinksHomeTest" name="verifyBottomLinksHome37" time="0.0">
    <ignored/>
  </testcase> <!-- verifyBottomLinksHome37 -->
  <testcase classname="com.bestbuy.ecommerce.testcases.ValidationBottomLinksHomeTest" name="verifyBottomLinksHome18" time="0.0">
    <ignored/>
  </testcase> <!-- verifyBottomLinksHome18 -->
  <testcase classname="com.bestbuy.ecommerce.testcases.ValidationBottomLinksHomeTest" name="verifyBottomLinksHome16" time="0.0">
    <ignored/>
  </testcase> <!-- verifyBottomLinksHome16 -->
  <testcase classname="com.bestbuy.ecommerce.testcases.ValidationBottomLinksHomeTest" name="verifyBottomLinksHome38" time="0.0">
    <ignored/>
  </testcase> <!-- verifyBottomLinksHome38 -->
  <testcase classname="com.bestbuy.ecommerce.testcases.ValidationBottomLinksHomeTest" name="verifyBottomLinksHome2" time="0.0">
    <ignored/>
  </testcase> <!-- verifyBottomLinksHome2 -->
  <testcase classname="com.bestbuy.ecommerce.testcases.ValidationBottomLinksHomeTest" name="verifyBottomLinksHome8" time="0.0">
    <ignored/>
  </testcase> <!-- verifyBottomLinksHome8 -->
  <testcase classname="com.bestbuy.ecommerce.testcases.ValidationBottomLinksHomeTest" name="verifyBottomLinksHome9" time="0.0">
    <ignored/>
  </testcase> <!-- verifyBottomLinksHome9 -->
  <testcase classname="com.bestbuy.ecommerce.testcases.ValidationBottomLinksHomeTest" name="verifyBottomLinksHome7" time="0.0">
    <ignored/>
  </testcase> <!-- verifyBottomLinksHome7 -->
  <testcase classname="com.bestbuy.ecommerce.testcases.ValidationBottomLinksHomeTest" name="verifyBottomLinksHome4" time="0.0">
    <ignored/>
  </testcase> <!-- verifyBottomLinksHome4 -->
  <testcase classname="com.bestbuy.ecommerce.testcases.ValidationBottomLinksHomeTest" name="verifyBottomLinksHome5" time="0.0">
    <ignored/>
  </testcase> <!-- verifyBottomLinksHome5 -->
  <testcase classname="com.bestbuy.ecommerce.testcases.ValidationBottomLinksHomeTest" name="verifyBottomLinksHome20" time="0.0">
    <ignored/>
  </testcase> <!-- verifyBottomLinksHome20 -->
  <testcase classname="com.bestbuy.ecommerce.testcases.ValidationBottomLinksHomeTest" name="verifyBottomLinksHome22" time="0.0">
    <ignored/>
  </testcase> <!-- verifyBottomLinksHome22 -->
  <testcase classname="com.bestbuy.ecommerce.testcases.ValidationBottomLinksHomeTest" name="verifyBottomLinksHome25" time="0.0">
    <ignored/>
  </testcase> <!-- verifyBottomLinksHome25 -->
  <testcase classname="com.bestbuy.ecommerce.testcases.ValidationBottomLinksHomeTest" name="verifyBottomLinksHome28" time="0.0">
    <ignored/>
  </testcase> <!-- verifyBottomLinksHome28 -->
  <testcase classname="com.bestbuy.ecommerce.testcases.ValidationBottomLinksHomeTest" name="verifyBottomLinksHome23" time="0.0">
    <ignored/>
  </testcase> <!-- verifyBottomLinksHome23 -->
  <testcase classname="com.bestbuy.ecommerce.testcases.ValidationBottomLinksHomeTest" name="verifyBottomLinksHome40" time="0.0">
    <ignored/>
  </testcase> <!-- verifyBottomLinksHome40 -->
  <testcase classname="com.bestbuy.ecommerce.testcases.ValidationBottomLinksHomeTest" name="verifyBottomLinksHome21" time="0.0">
    <ignored/>
  </testcase> <!-- verifyBottomLinksHome21 -->
  <testcase classname="com.bestbuy.ecommerce.testcases.ValidationBottomLinksHomeTest" name="verifyBottomLinksHome24" time="0.0">
    <ignored/>
  </testcase> <!-- verifyBottomLinksHome24 -->
  <testcase classname="com.bestbuy.ecommerce.testcases.ValidationBottomLinksHomeTest" name="verifyBottomLinksHome26" time="0.0">
    <ignored/>
  </testcase> <!-- verifyBottomLinksHome26 -->
  <testcase classname="com.bestbuy.ecommerce.testcases.ValidationBottomLinksHomeTest" name="verifyBottomLinksHome29" time="0.0">
    <ignored/>
  </testcase> <!-- verifyBottomLinksHome29 -->
  <testcase classname="com.bestbuy.ecommerce.testcases.ValidationBottomLinksHomeTest" name="verifyBottomLinksHome27" time="0.0">
    <ignored/>
  </testcase> <!-- verifyBottomLinksHome27 -->
</testsuite> <!-- Default test -->
