<?xml version="1.0" encoding="UTF-8"?>
<testng-results ignored="39" total="40" passed="1" failed="0" skipped="0">
  <reporter-output>
  </reporter-output>
  <suite started-at="2023-04-11T10:29:23 IST" name="Default suite" finished-at="2023-04-11T10:30:06 IST" duration-ms="43699">
    <groups>
    </groups>
    <test started-at="2023-04-11T10:29:23 IST" name="Default test" finished-at="2023-04-11T10:30:06 IST" duration-ms="43699">
      <class name="com.bestbuy.ecommerce.testcases.ValidationBottomLinksHomeTest">
        <test-method is-config="true" signature="beforeMethod()[pri:0, instance:com.bestbuy.ecommerce.testcases.ValidationBottomLinksHomeTest@4466af20]" started-at="2023-04-11T10:29:23 IST" name="beforeMethod" finished-at="2023-04-11T10:29:30 IST" duration-ms="7675" status="PASS">
          <reporter-output>
          </reporter-output>
        </test-method> <!-- beforeMethod -->
        <test-method signature="verifyBottomLinksHome39()[pri:39, instance:com.bestbuy.ecommerce.testcases.ValidationBottomLinksHomeTest@4466af20]" started-at="2023-04-11T10:29:30 IST" name="verifyBottomLinksHome39" finished-at="2023-04-11T10:30:05 IST" duration-ms="34938" status="PASS">
          <reporter-output>
          </reporter-output>
        </test-method> <!-- verifyBottomLinksHome39 -->
        <test-method is-config="true" signature="afterMethod()[pri:0, instance:com.bestbuy.ecommerce.testcases.ValidationBottomLinksHomeTest@4466af20]" started-at="2023-04-11T10:30:05 IST" name="afterMethod" finished-at="2023-04-11T10:30:06 IST" duration-ms="1031" status="PASS">
          <reporter-output>
          </reporter-output>
        </test-method> <!-- afterMethod -->
      </class> <!-- com.bestbuy.ecommerce.testcases.ValidationBottomLinksHomeTest -->
    </test> <!-- Default test -->
  </suite> <!-- Default suite -->
</testng-results>
