<?xml version="1.0" encoding="UTF-8"?>
<testng-results ignored="0" total="1" passed="1" failed="0" skipped="0">
  <reporter-output>
  </reporter-output>
  <suite started-at="2023-04-11T05:57:04 IST" name="Default suite" finished-at="2023-04-11T05:58:01 IST" duration-ms="57275">
    <groups>
    </groups>
    <test started-at="2023-04-11T05:57:04 IST" name="Default test" finished-at="2023-04-11T05:58:01 IST" duration-ms="57275">
      <class name="com.bestbuy.ecommerce.testcases.SelectandaddanitemfromMenuàBrandsàSelectAnyBrandTest">
        <test-method is-config="true" signature="beforeMethod()[pri:0, instance:com.bestbuy.ecommerce.testcases.SelectandaddanitemfromMenuàBrandsàSelectAnyBrandTest@441772e]" started-at="2023-04-11T05:57:04 IST" name="beforeMethod" finished-at="2023-04-11T05:57:10 IST" duration-ms="6166" status="PASS">
          <reporter-output>
          </reporter-output>
        </test-method> <!-- beforeMethod -->
        <test-method signature="verifySelectandaddanitemfromMenuàShopbyDepartment()[pri:0, instance:com.bestbuy.ecommerce.testcases.SelectandaddanitemfromMenuàBrandsàSelectAnyBrandTest@441772e]" started-at="2023-04-11T05:57:10 IST" name="verifySelectandaddanitemfromMenuàShopbyDepartment" finished-at="2023-04-11T05:58:00 IST" duration-ms="50239" status="PASS">
          <reporter-output>
          </reporter-output>
        </test-method> <!-- verifySelectandaddanitemfromMenuàShopbyDepartment -->
        <test-method is-config="true" signature="afterMethod()[pri:0, instance:com.bestbuy.ecommerce.testcases.SelectandaddanitemfromMenuàBrandsàSelectAnyBrandTest@441772e]" started-at="2023-04-11T05:58:00 IST" name="afterMethod" finished-at="2023-04-11T05:58:01 IST" duration-ms="828" status="PASS">
          <reporter-output>
          </reporter-output>
        </test-method> <!-- afterMethod -->
      </class> <!-- com.bestbuy.ecommerce.testcases.SelectandaddanitemfromMenuàBrandsàSelectAnyBrandTest -->
    </test> <!-- Default test -->
  </suite> <!-- Default suite -->
</testng-results>
